<?xml version="1.0" encoding="UTF-8"?>
<!-- Generated by org.testng.reporters.JUnitXMLReporter -->
<testsuite ignored="2" hostname="DESKTOP-322V6MD" failures="0" tests="1" name="SpriteCloud" time="9.578" errors="0" timestamp="2022-10-19T13:21:13 EET">
  <testcase classname="apiTests.tests.Tests" name="createNewPetTest" time="9.281"/>
  <testcase classname="apiTests.tests.Tests" name="DeletePetTest" time="0.0">
    <ignored/>
  </testcase> <!-- DeletePetTest -->
  <testcase classname="apiTests.tests.Tests" name="EditPetDetailsTest" time="0.0">
    <ignored/>
  </testcase> <!-- EditPetDetailsTest -->
</testsuite> <!-- SpriteCloud -->
