<?xml version="1.0" encoding="UTF-8"?>
<!-- Generated by org.testng.reporters.JUnitXMLReporter -->
<testsuite ignored="2" hostname="DESKTOP-322V6MD" failures="0" tests="1" name="SpriteCloudTask" time="10.715" errors="0" timestamp="2022-10-20T00:33:11 EET">
  <testcase classname="apiTests.tests.Tests" name="createNewPetTest" time="10.374"/>
  <testcase classname="apiTests.tests.Tests" name="EditPetDetailsTest" time="0.0">
    <ignored/>
  </testcase> <!-- EditPetDetailsTest -->
  <testcase classname="apiTests.tests.Tests" name="DeletePetTest" time="0.0">
    <ignored/>
  </testcase> <!-- DeletePetTest -->
</testsuite> <!-- SpriteCloudTask -->
