<?xml version="1.0" encoding="UTF-8"?>
<!-- Generated by org.testng.reporters.JUnitXMLReporter -->
<testsuite ignored="0" hostname="DESKTOP-322V6MD" failures="0" tests="3" name="SpriteCloud" time="19.638" errors="0" timestamp="2022-10-19T22:48:22 EET">
  <testcase classname="apiTests.tests.Tests" name="createNewPetTest" time="12.259"/>
  <testcase classname="apiTests.tests.Tests" name="DeletePetTest" time="4.285"/>
  <testcase classname="apiTests.tests.Tests" name="EditPetDetailsTest" time="2.79"/>
</testsuite> <!-- SpriteCloud -->
