<?xml version="1.0" encoding="UTF-8"?>
<testng-results ignored="2" total="3" passed="1" failed="0" skipped="0">
  <reporter-output>
  </reporter-output>
  <suite started-at="2022-10-20T00:33:00 EET" name="Default Suite" finished-at="2022-10-20T00:33:11 EET" duration-ms="10715">
    <groups>
    </groups>
    <test started-at="2022-10-20T00:33:00 EET" name="SpriteCloudTask" finished-at="2022-10-20T00:33:11 EET" duration-ms="10715">
      <class name="apiTests.tests.Tests">
        <test-method signature="createNewPetTest()[pri:1, instance:apiTests.tests.Tests@27f3b6d6]" started-at="2022-10-20T00:33:00 EET" name="createNewPetTest" finished-at="2022-10-20T00:33:10 EET" duration-ms="10374" status="PASS">
          <reporter-output>
          </reporter-output>
        </test-method> <!-- createNewPetTest -->
      </class> <!-- apiTests.tests.Tests -->
    </test> <!-- SpriteCloudTask -->
  </suite> <!-- Default Suite -->
</testng-results>
